<?xml version="1.0" encoding="UTF-8"?>
<!-- Generated by org.testng.reporters.JUnitXMLReporter -->
<testsuite hostname="ASI-INA122P6QC" ignored="0" name="Default test" tests="5" failures="0" timestamp="07 Jun 2018 13:36:07 GMT" time="74.837" errors="0">
  <testcase name="InvalidUsername" time="21.648" classname="automationFramework.TestCases"/>
  <testcase name="InvalidPassword" time="15.095" classname="automationFramework.TestCases"/>
  <testcase name="InvalidUserPass" time="9.024" classname="automationFramework.TestCases"/>
  <testcase name="ValidCredential" time="22.678" classname="automationFramework.TestCases"/>
  <testcase name="logout" time="5.095" classname="automationFramework.TestCases"/>
</testsuite> <!-- Default test -->
