<?xml version="1.0" encoding="UTF-8"?>
<!-- Generated by org.testng.reporters.JUnitXMLReporter -->
<testsuite hostname="TGS-INA516TLT9" ignored="0" name="Default test" tests="4" failures="0" timestamp="20 Apr 2018 13:23:23 GMT" time="91.694" errors="0">
  <testcase name="InvalidUsername" time="13.86" classname="automationFramework.TestCases"/>
  <testcase name="InvalidPassword" time="17.186" classname="automationFramework.TestCases"/>
  <testcase name="InvalidUserPass" time="34.938" classname="automationFramework.TestCases"/>
  <testcase name="ValidCredential" time="25.494" classname="automationFramework.TestCases"/>
</testsuite> <!-- Default test -->
