<?xml version="1.0" encoding="UTF-8"?>
<!-- Generated by org.testng.reporters.JUnitXMLReporter -->
<testsuite hostname="ASI-INA551W6WP" ignored="0" name="FirefoxTest" tests="4" failures="4" timestamp="23 Aug 2017 13:55:39 GMT" time="66.075" errors="0">
  <testcase name="InvalidUsername" time="15.911" classname="automationFramework.TestCases">
    <failure type="java.io.FileNotFoundException" message="C:\Users\dkeshav\workspace\selenium\PhpTravels\src\test\resource\TestData\Login.xlsx (The system cannot find the path specified)">
      <![CDATA[java.io.FileNotFoundException: C:\Users\dkeshav\workspace\selenium\PhpTravels\src\test\resource\TestData\Login.xlsx (The system cannot find the path specified)
	at java.io.FileOutputStream.open0(Native Method)
	at java.io.FileOutputStream.open(Unknown Source)
	at java.io.FileOutputStream.<init>(Unknown Source)
	at java.io.FileOutputStream.<init>(Unknown Source)
	at utility.ExcelUtils.setCellData(ExcelUtils.java:102)
	at automationFramework.TestCases.InvalidUsername(TestCases.java:77)
	at java.util.concurrent.FutureTask.run(Unknown Source)
	at java.util.concurrent.ThreadPoolExecutor.runWorker(Unknown Source)
	at java.util.concurrent.ThreadPoolExecutor$Worker.run(Unknown Source)
	at java.lang.Thread.run(Unknown Source)
... Removed 16 stack frames]]>
    </failure>
  </testcase> <!-- InvalidUsername -->
  <testcase name="InvalidPassword" time="16.415" classname="automationFramework.TestCases">
    <failure type="java.io.FileNotFoundException" message="C:\Users\dkeshav\workspace\selenium\PhpTravels\src\test\resource\TestData\Login.xlsx (The system cannot find the path specified)">
      <![CDATA[java.io.FileNotFoundException: C:\Users\dkeshav\workspace\selenium\PhpTravels\src\test\resource\TestData\Login.xlsx (The system cannot find the path specified)
	at java.io.FileOutputStream.open0(Native Method)
	at java.io.FileOutputStream.open(Unknown Source)
	at java.io.FileOutputStream.<init>(Unknown Source)
	at java.io.FileOutputStream.<init>(Unknown Source)
	at utility.ExcelUtils.setCellData(ExcelUtils.java:102)
	at automationFramework.TestCases.InvalidPassword(TestCases.java:108)
	at java.util.concurrent.FutureTask.run(Unknown Source)
	at java.util.concurrent.ThreadPoolExecutor.runWorker(Unknown Source)
	at java.util.concurrent.ThreadPoolExecutor$Worker.run(Unknown Source)
	at java.lang.Thread.run(Unknown Source)
... Removed 16 stack frames]]>
    </failure>
  </testcase> <!-- InvalidPassword -->
  <testcase name="InvalidUserPass" time="15.937" classname="automationFramework.TestCases">
    <failure type="java.io.FileNotFoundException" message="C:\Users\dkeshav\workspace\selenium\PhpTravels\src\test\resource\TestData\Login.xlsx (The system cannot find the path specified)">
      <![CDATA[java.io.FileNotFoundException: C:\Users\dkeshav\workspace\selenium\PhpTravels\src\test\resource\TestData\Login.xlsx (The system cannot find the path specified)
	at java.io.FileOutputStream.open0(Native Method)
	at java.io.FileOutputStream.open(Unknown Source)
	at java.io.FileOutputStream.<init>(Unknown Source)
	at java.io.FileOutputStream.<init>(Unknown Source)
	at utility.ExcelUtils.setCellData(ExcelUtils.java:102)
	at automationFramework.TestCases.InvalidUserPass(TestCases.java:137)
	at java.util.concurrent.FutureTask.run(Unknown Source)
	at java.util.concurrent.ThreadPoolExecutor.runWorker(Unknown Source)
	at java.util.concurrent.ThreadPoolExecutor$Worker.run(Unknown Source)
	at java.lang.Thread.run(Unknown Source)
... Removed 16 stack frames]]>
    </failure>
  </testcase> <!-- InvalidUserPass -->
  <testcase name="ValidCredential" time="17.399" classname="automationFramework.TestCases">
    <failure type="java.io.FileNotFoundException" message="C:\Users\dkeshav\workspace\selenium\PhpTravels\src\test\resource\TestData\Login.xlsx (The system cannot find the path specified)">
      <![CDATA[java.io.FileNotFoundException: C:\Users\dkeshav\workspace\selenium\PhpTravels\src\test\resource\TestData\Login.xlsx (The system cannot find the path specified)
	at java.io.FileOutputStream.open0(Native Method)
	at java.io.FileOutputStream.open(Unknown Source)
	at java.io.FileOutputStream.<init>(Unknown Source)
	at java.io.FileOutputStream.<init>(Unknown Source)
	at utility.ExcelUtils.setCellData(ExcelUtils.java:102)
	at automationFramework.TestCases.ValidCredential(TestCases.java:166)
	at java.util.concurrent.FutureTask.run(Unknown Source)
	at java.util.concurrent.ThreadPoolExecutor.runWorker(Unknown Source)
	at java.util.concurrent.ThreadPoolExecutor$Worker.run(Unknown Source)
	at java.lang.Thread.run(Unknown Source)
... Removed 16 stack frames]]>
    </failure>
  </testcase> <!-- ValidCredential -->
</testsuite> <!-- FirefoxTest -->
