<?xml version="1.0" encoding="UTF-8"?>
<testng-results skipped="0" failed="0" ignored="0" total="4" passed="4">
  <reporter-output>
  </reporter-output>
  <suite name="automationFramework.TestCases" duration-ms="68135" started-at="2017-08-28T09:32:21Z" finished-at="2017-08-28T09:33:29Z">
    <groups>
    </groups>
    <test name="Command line test" duration-ms="68135" started-at="2017-08-28T09:32:21Z" finished-at="2017-08-28T09:33:29Z">
      <class name="automationFramework.TestCases">
        <test-method status="PASS" signature="beforeTest()[pri:0, instance:automationFramework.TestCases@7823a2f9]" name="beforeTest" is-config="true" duration-ms="6681" started-at="2017-08-28T15:02:14Z" finished-at="2017-08-28T15:02:21Z">
          <reporter-output>
          </reporter-output>
        </test-method> <!-- beforeTest -->
        <test-method status="PASS" signature="AssertResult()[pri:0, instance:automationFramework.TestCases@7823a2f9]" name="AssertResult" is-config="true" duration-ms="0" started-at="2017-08-28T15:02:21Z" finished-at="2017-08-28T15:02:21Z">
          <reporter-output>
          </reporter-output>
        </test-method> <!-- AssertResult -->
        <test-method status="PASS" signature="InvalidUsername()[pri:0, instance:automationFramework.TestCases@7823a2f9]" name="InvalidUsername" duration-ms="17474" started-at="2017-08-28T15:02:21Z" finished-at="2017-08-28T15:02:39Z">
          <reporter-output>
          </reporter-output>
        </test-method> <!-- InvalidUsername -->
        <test-method status="PASS" signature="AssertResult()[pri:0, instance:automationFramework.TestCases@7823a2f9]" name="AssertResult" is-config="true" duration-ms="0" started-at="2017-08-28T15:02:39Z" finished-at="2017-08-28T15:02:39Z">
          <reporter-output>
          </reporter-output>
        </test-method> <!-- AssertResult -->
        <test-method status="PASS" signature="InvalidPassword()[pri:1, instance:automationFramework.TestCases@7823a2f9]" name="InvalidPassword" duration-ms="16111" started-at="2017-08-28T15:02:39Z" finished-at="2017-08-28T15:02:55Z">
          <reporter-output>
          </reporter-output>
        </test-method> <!-- InvalidPassword -->
        <test-method status="PASS" signature="InvalidUserPass()[pri:2, instance:automationFramework.TestCases@7823a2f9]" name="InvalidUserPass" duration-ms="16014" started-at="2017-08-28T15:02:55Z" finished-at="2017-08-28T15:03:11Z">
          <reporter-output>
          </reporter-output>
        </test-method> <!-- InvalidUserPass -->
        <test-method status="PASS" signature="AssertResult()[pri:0, instance:automationFramework.TestCases@7823a2f9]" name="AssertResult" is-config="true" duration-ms="0" started-at="2017-08-28T15:02:55Z" finished-at="2017-08-28T15:02:55Z">
          <reporter-output>
          </reporter-output>
        </test-method> <!-- AssertResult -->
        <test-method status="PASS" signature="ValidCredential()[pri:3, instance:automationFramework.TestCases@7823a2f9]" name="ValidCredential" duration-ms="17795" started-at="2017-08-28T15:03:11Z" finished-at="2017-08-28T15:03:29Z">
          <reporter-output>
          </reporter-output>
        </test-method> <!-- ValidCredential -->
        <test-method status="PASS" signature="AssertResult()[pri:0, instance:automationFramework.TestCases@7823a2f9]" name="AssertResult" is-config="true" duration-ms="0" started-at="2017-08-28T15:03:11Z" finished-at="2017-08-28T15:03:11Z">
          <reporter-output>
          </reporter-output>
        </test-method> <!-- AssertResult -->
        <test-method status="PASS" signature="afterClass()[pri:0, instance:automationFramework.TestCases@7823a2f9]" name="afterClass" is-config="true" duration-ms="695" started-at="2017-08-28T15:03:29Z" finished-at="2017-08-28T15:03:29Z">
          <reporter-output>
          </reporter-output>
        </test-method> <!-- afterClass -->
      </class> <!-- automationFramework.TestCases -->
    </test> <!-- Command line test -->
  </suite> <!-- automationFramework.TestCases -->
</testng-results>
