<?xml version="1.0" encoding="UTF-8"?>
<testng-results skipped="0" failed="0" ignored="0" total="4" passed="4">
  <reporter-output>
  </reporter-output>
  <suite name="Default suite" duration-ms="91694" started-at="2018-04-20T13:21:52Z" finished-at="2018-04-20T13:23:23Z">
    <groups>
    </groups>
    <test name="Default test" duration-ms="91694" started-at="2018-04-20T13:21:52Z" finished-at="2018-04-20T13:23:23Z">
      <class name="automationFramework.TestCases">
        <test-method status="PASS" signature="beforeTest()[pri:0, instance:automationFramework.TestCases@5ec0a365]" name="beforeTest" is-config="true" duration-ms="11468" started-at="2018-04-20T18:51:40Z" finished-at="2018-04-20T18:51:52Z">
          <reporter-output>
          </reporter-output>
        </test-method> <!-- beforeTest -->
        <test-method status="PASS" signature="InvalidUsername()[pri:0, instance:automationFramework.TestCases@5ec0a365]" name="InvalidUsername" duration-ms="13860" started-at="2018-04-20T18:51:52Z" finished-at="2018-04-20T18:52:05Z">
          <reporter-output>
          </reporter-output>
        </test-method> <!-- InvalidUsername -->
        <test-method status="PASS" signature="AssertResult()[pri:0, instance:automationFramework.TestCases@5ec0a365]" name="AssertResult" is-config="true" duration-ms="0" started-at="2018-04-20T18:51:52Z" finished-at="2018-04-20T18:51:52Z">
          <reporter-output>
          </reporter-output>
        </test-method> <!-- AssertResult -->
        <test-method status="PASS" signature="InvalidPassword()[pri:1, instance:automationFramework.TestCases@5ec0a365]" name="InvalidPassword" duration-ms="17186" started-at="2018-04-20T18:52:05Z" finished-at="2018-04-20T18:52:23Z">
          <reporter-output>
          </reporter-output>
        </test-method> <!-- InvalidPassword -->
        <test-method status="PASS" signature="AssertResult()[pri:0, instance:automationFramework.TestCases@5ec0a365]" name="AssertResult" is-config="true" duration-ms="0" started-at="2018-04-20T18:52:05Z" finished-at="2018-04-20T18:52:05Z">
          <reporter-output>
          </reporter-output>
        </test-method> <!-- AssertResult -->
        <test-method status="PASS" signature="InvalidUserPass()[pri:2, instance:automationFramework.TestCases@5ec0a365]" name="InvalidUserPass" duration-ms="34938" started-at="2018-04-20T18:52:23Z" finished-at="2018-04-20T18:52:58Z">
          <reporter-output>
          </reporter-output>
        </test-method> <!-- InvalidUserPass -->
        <test-method status="PASS" signature="AssertResult()[pri:0, instance:automationFramework.TestCases@5ec0a365]" name="AssertResult" is-config="true" duration-ms="0" started-at="2018-04-20T18:52:23Z" finished-at="2018-04-20T18:52:23Z">
          <reporter-output>
          </reporter-output>
        </test-method> <!-- AssertResult -->
        <test-method status="PASS" signature="ValidCredential()[pri:3, instance:automationFramework.TestCases@5ec0a365]" name="ValidCredential" duration-ms="25494" started-at="2018-04-20T18:52:58Z" finished-at="2018-04-20T18:53:23Z">
          <reporter-output>
          </reporter-output>
        </test-method> <!-- ValidCredential -->
        <test-method status="PASS" signature="AssertResult()[pri:0, instance:automationFramework.TestCases@5ec0a365]" name="AssertResult" is-config="true" duration-ms="0" started-at="2018-04-20T18:52:58Z" finished-at="2018-04-20T18:52:58Z">
          <reporter-output>
          </reporter-output>
        </test-method> <!-- AssertResult -->
        <test-method status="PASS" signature="afterClass()[pri:0, instance:automationFramework.TestCases@5ec0a365]" name="afterClass" is-config="true" duration-ms="202" started-at="2018-04-20T18:53:23Z" finished-at="2018-04-20T18:53:23Z">
          <reporter-output>
          </reporter-output>
        </test-method> <!-- afterClass -->
      </class> <!-- automationFramework.TestCases -->
    </test> <!-- Default test -->
  </suite> <!-- Default suite -->
</testng-results>
