<?xml version="1.0" encoding="UTF-8"?>
<testng-results skipped="0" failed="1" ignored="1" total="3" passed="1">
  <reporter-output>
  </reporter-output>
  <suite name="travelsautomation" duration-ms="29913" started-at="2018-06-07T13:38:28Z" finished-at="2018-06-07T13:38:57Z">
    <groups>
    </groups>
    <test name="Test" duration-ms="29913" started-at="2018-06-07T13:38:28Z" finished-at="2018-06-07T13:38:57Z">
      <class name="automationFramework.TestCases">
        <test-method status="PASS" signature="AssertResult()[pri:0, instance:automationFramework.TestCases@eec5a4a]" name="AssertResult" is-config="true" duration-ms="0" started-at="2018-06-07T13:38:28Z" finished-at="2018-06-07T13:38:28Z">
          <reporter-output>
          </reporter-output>
        </test-method> <!-- AssertResult -->
        <test-method status="PASS" signature="InvalidUsername()[pri:0, instance:automationFramework.TestCases@eec5a4a]" name="InvalidUsername" duration-ms="16602" started-at="2018-06-07T13:38:28Z" finished-at="2018-06-07T13:38:44Z">
          <reporter-output>
          </reporter-output>
        </test-method> <!-- InvalidUsername -->
      </class> <!-- automationFramework.TestCases -->
      <class name="automationFramework.HotelBooking">
        <test-method status="PASS" signature="setup()[pri:0, instance:automationFramework.HotelBooking@2b2948e2]" name="setup" is-config="true" duration-ms="6659" started-at="2018-06-07T13:38:11Z" finished-at="2018-06-07T13:38:18Z">
          <reporter-output>
          </reporter-output>
        </test-method> <!-- setup -->
        <test-method status="PASS" signature="beforeTest()[pri:0, instance:automationFramework.TestCases@eec5a4a]" name="beforeTest" is-config="true" duration-ms="9753" started-at="2018-06-07T13:38:18Z" finished-at="2018-06-07T13:38:28Z">
          <reporter-output>
          </reporter-output>
        </test-method> <!-- beforeTest -->
        <test-method status="FAIL" signature="searchHotel()[pri:0, instance:automationFramework.HotelBooking@2b2948e2]" name="searchHotel" duration-ms="13266" started-at="2018-06-07T13:38:44Z" finished-at="2018-06-07T13:38:57Z">
          <exception class="java.lang.NullPointerException">
            <full-stacktrace>
              <![CDATA[java.lang.NullPointerException
at automationFramework.HotelBooking.searchHotel(HotelBooking.java:27)
at sun.reflect.NativeMethodAccessorImpl.invoke0(Native Method)
at sun.reflect.NativeMethodAccessorImpl.invoke(NativeMethodAccessorImpl.java:62)
at sun.reflect.DelegatingMethodAccessorImpl.invoke(DelegatingMethodAccessorImpl.java:43)
at java.lang.reflect.Method.invoke(Method.java:498)
at org.testng.internal.MethodInvocationHelper.invokeMethod(MethodInvocationHelper.java:124)
at org.testng.internal.Invoker.invokeMethod(Invoker.java:580)
at org.testng.internal.Invoker.invokeTestMethod(Invoker.java:716)
at org.testng.internal.Invoker.invokeTestMethods(Invoker.java:988)
at org.testng.internal.TestMethodWorker.invokeTestMethods(TestMethodWorker.java:125)
at org.testng.internal.TestMethodWorker.run(TestMethodWorker.java:109)
at org.testng.TestRunner.privateRun(TestRunner.java:648)
at org.testng.TestRunner.run(TestRunner.java:505)
at org.testng.SuiteRunner.runTest(SuiteRunner.java:455)
at org.testng.SuiteRunner.runSequentially(SuiteRunner.java:450)
at org.testng.SuiteRunner.privateRun(SuiteRunner.java:415)
at org.testng.SuiteRunner.run(SuiteRunner.java:364)
at org.testng.SuiteRunnerWorker.runSuite(SuiteRunnerWorker.java:52)
at org.testng.SuiteRunnerWorker.run(SuiteRunnerWorker.java:84)
at org.testng.TestNG.runSuitesSequentially(TestNG.java:1208)
at org.testng.TestNG.runSuitesLocally(TestNG.java:1137)
at org.testng.TestNG.runSuites(TestNG.java:1049)
at org.testng.TestNG.run(TestNG.java:1017)
at org.testng.remote.AbstractRemoteTestNG.run(AbstractRemoteTestNG.java:114)
at org.testng.remote.RemoteTestNG.initAndRun(RemoteTestNG.java:251)
at org.testng.remote.RemoteTestNG.main(RemoteTestNG.java:77)
]]>
            </full-stacktrace>
          </exception> <!-- java.lang.NullPointerException -->
          <reporter-output>
          </reporter-output>
        </test-method> <!-- searchHotel -->
        <test-method status="PASS" signature="teardown()[pri:0, instance:automationFramework.HotelBooking@2b2948e2]" name="teardown" is-config="true" duration-ms="1490" started-at="2018-06-07T13:38:58Z" finished-at="2018-06-07T13:38:59Z">
          <reporter-output>
          </reporter-output>
        </test-method> <!-- teardown -->
      </class> <!-- automationFramework.HotelBooking -->
    </test> <!-- Test -->
  </suite> <!-- travelsautomation -->
</testng-results>
